<?xml version="1.0" encoding="UTF-8"?>
<!-- Generated by org.testng.reporters.JUnitReportReporter -->
<testsuite hostname="kshitijs-MacBook-Air.local" failures="0" tests="2" name="testCases.TC1" time="35.944" errors="0" timestamp="2025-03-26T02:55:55 IST" skipped="0">
  <testcase classname="testCases.TC1" name="HomeScreen" time="19.040"/>
  <testcase classname="testCases.TC1" name="PaymentScreen" time="16.904"/>
</testsuite> <!-- testCases.TC1 -->
